<?xml version="1.0" encoding="UTF-8"?>
<robot generator="Robot 4.0.3 (Python 3.9.6 on win32)" generated="20210712 14:53:49.129" rpa="false" schemaversion="2">
<suite id="s1" name="Amazon" source="C:\Users\Kajal Shele\OneDrive\Documents\Course_Notes\CloudTechC2C\development\Robot_Scripts\amazon\tests\amazon.robot">
<test id="s1-t1" name="User must sign in to check out">
<kw name="Open Browser" library="SeleniumLibrary">
<arg>https://www.amazon.com/</arg>
<arg>${BROWSER}</arg>
<doc>Opens a new browser instance to the optional ``url``.</doc>
<msg timestamp="20210712 14:53:51.233" level="INFO">Opening browser 'gc' to base url 'https://www.amazon.com/'.</msg>
<status status="PASS" starttime="20210712 14:53:51.233" endtime="20210712 14:54:13.318"/>
</kw>
<kw name="Wait Until Page Contains Element" library="SeleniumLibrary">
<arg>nav-logo-sprites</arg>
<doc>Waits until the element ``locator`` appears on the current page.</doc>
<status status="PASS" starttime="20210712 14:54:13.322" endtime="20210712 14:54:13.390"/>
</kw>
<kw name="Input Text" library="SeleniumLibrary">
<arg>xpath=//input[@id='twotabsearchtextbox']</arg>
<arg>Ferrari 458</arg>
<doc>Types the given ``text`` into the text field identified by ``locator``.</doc>
<msg timestamp="20210712 14:54:13.392" level="INFO">Typing text 'Ferrari 458' into text field 'xpath=//input[@id='twotabsearchtextbox']'.</msg>
<status status="PASS" starttime="20210712 14:54:13.391" endtime="20210712 14:54:14.126"/>
</kw>
<kw name="Click Button" library="SeleniumLibrary">
<arg>id=nav-search-submit-button</arg>
<doc>Clicks the button identified by ``locator``.</doc>
<msg timestamp="20210712 14:54:14.132" level="INFO">Clicking button 'id=nav-search-submit-button'.</msg>
<status status="PASS" starttime="20210712 14:54:14.132" endtime="20210712 14:54:43.139"/>
</kw>
<kw name="Wait Until Page Contains" library="SeleniumLibrary">
<arg>results for "Ferrari 458"</arg>
<doc>Waits until ``text`` appears on the current page.</doc>
<status status="PASS" starttime="20210712 14:54:43.142" endtime="20210712 14:54:43.436"/>
</kw>
<kw name="Click Element" library="SeleniumLibrary">
<arg>xpath=//img[@alt='RASTAR Ferrari Remote Control Car, 1/24 Scale Ferrari 458 Italia Model Car, Red Ferrari Toy Car']</arg>
<doc>Click the element identified by ``locator``.</doc>
<msg timestamp="20210712 14:54:43.445" level="INFO">Clicking element 'xpath=//img[@alt='RASTAR Ferrari Remote Control Car, 1/24 Scale Ferrari 458 Italia Model Car, Red Ferrari Toy Car']'.</msg>
<status status="PASS" starttime="20210712 14:54:43.444" endtime="20210712 14:54:51.653"/>
</kw>
<kw name="Wait Until Page Contains" library="SeleniumLibrary">
<arg>RASTAR Ferrari Remote Control Car, 1/24 Scale Ferrari 458 Italia Model Car, Red Ferrari Toy Car</arg>
<doc>Waits until ``text`` appears on the current page.</doc>
<status status="PASS" starttime="20210712 14:54:51.654" endtime="20210712 14:54:51.803"/>
</kw>
<kw name="Click Element" library="SeleniumLibrary">
<arg>xpath=//div[@id='contextualIngressPtLabel_deliveryShortLine']/span[last()]</arg>
<doc>Click the element identified by ``locator``.</doc>
<msg timestamp="20210712 14:54:51.806" level="INFO">Clicking element 'xpath=//div[@id='contextualIngressPtLabel_deliveryShortLine']/span[last()]'.</msg>
<status status="PASS" starttime="20210712 14:54:51.805" endtime="20210712 14:54:52.401"/>
</kw>
<kw name="Wait Until Page Contains" library="SeleniumLibrary">
<arg>Choose your location</arg>
<doc>Waits until ``text`` appears on the current page.</doc>
<status status="PASS" starttime="20210712 14:54:52.419" endtime="20210712 14:54:53.678"/>
</kw>
<kw name="Click Element" library="SeleniumLibrary">
<arg>id=GLUXCountryValue</arg>
<doc>Click the element identified by ``locator``.</doc>
<msg timestamp="20210712 14:54:53.692" level="INFO">Clicking element 'id=GLUXCountryValue'.</msg>
<status status="PASS" starttime="20210712 14:54:53.691" endtime="20210712 14:54:54.593"/>
</kw>
<kw name="Click Element" library="SeleniumLibrary">
<arg>xpath=//li[@aria-labelledby='GLUXCountryList_1']/a[text()='Canada']</arg>
<doc>Click the element identified by ``locator``.</doc>
<msg timestamp="20210712 14:54:54.595" level="INFO">Clicking element 'xpath=//li[@aria-labelledby='GLUXCountryList_1']/a[text()='Canada']'.</msg>
<status status="PASS" starttime="20210712 14:54:54.594" endtime="20210712 14:54:55.374"/>
</kw>
<kw name="Click Button" library="SeleniumLibrary">
<arg>xpath=//button[text()='Done']</arg>
<doc>Clicks the button identified by ``locator``.</doc>
<msg timestamp="20210712 14:54:55.378" level="INFO">Clicking button 'xpath=//button[text()='Done']'.</msg>
<status status="PASS" starttime="20210712 14:54:55.378" endtime="20210712 14:54:55.842"/>
</kw>
<kw name="Wait Until Element Is Enabled" library="SeleniumLibrary">
<arg>add-to-cart-button</arg>
<doc>Waits until the element ``locator`` is enabled.</doc>
<status status="PASS" starttime="20210712 14:54:55.846" endtime="20210712 14:55:02.652"/>
</kw>
<kw name="Click Element" library="SeleniumLibrary">
<arg>id=add-to-cart-button</arg>
<doc>Click the element identified by ``locator``.</doc>
<msg timestamp="20210712 14:55:02.653" level="INFO">Clicking element 'id=add-to-cart-button'.</msg>
<status status="PASS" starttime="20210712 14:55:02.653" endtime="20210712 14:55:04.767"/>
</kw>
<kw name="Wait Until Page Contains" library="SeleniumLibrary">
<arg>Added to Cart</arg>
<doc>Waits until ``text`` appears on the current page.</doc>
<status status="PASS" starttime="20210712 14:55:04.768" endtime="20210712 14:55:04.846"/>
</kw>
<kw name="Click Element" library="SeleniumLibrary">
<arg>id=hlb-ptc-btn-native</arg>
<doc>Click the element identified by ``locator``.</doc>
<msg timestamp="20210712 14:55:04.850" level="INFO">Clicking element 'id=hlb-ptc-btn-native'.</msg>
<status status="PASS" starttime="20210712 14:55:04.849" endtime="20210712 14:55:08.077"/>
</kw>
<kw name="Wait Until Page Contains" library="SeleniumLibrary">
<arg>Sign-In</arg>
<doc>Waits until ``text`` appears on the current page.</doc>
<status status="PASS" starttime="20210712 14:55:08.077" endtime="20210712 14:55:08.101"/>
</kw>
<kw name="Close Browser" library="SeleniumLibrary">
<doc>Closes the current browser.</doc>
<status status="PASS" starttime="20210712 14:55:08.102" endtime="20210712 14:55:11.444"/>
</kw>
<doc>This is some basic info about the test</doc>
<tag>Smoke</tag>
<status status="PASS" starttime="20210712 14:53:51.231" endtime="20210712 14:55:11.446"/>
</test>
<doc>This is some basic info about the whole suite</doc>
<status status="PASS" starttime="20210712 14:53:49.136" endtime="20210712 14:55:11.449"/>
</suite>
<statistics>
<total>
<stat pass="1" fail="0" skip="0">All Tests</stat>
</total>
<tag>
<stat pass="1" fail="0" skip="0">Smoke</stat>
</tag>
<suite>
<stat pass="1" fail="0" skip="0" id="s1" name="Amazon">Amazon</stat>
</suite>
</statistics>
<errors>
</errors>
</robot>
